2020-06-04 14:00:09 [scrapy.utils.log] INFO: Scrapy 2.0.1 started (bot: sobooks)
2020-06-04 14:00:09 [scrapy.utils.log] INFO: Versions: lxml 4.5.0.0, libxml2 2.9.9, cssselect 1.1.0, parsel 1.5.2, w3lib 1.21.0, Twisted 20.3.0, Python 3.7.6 (default, Jan  8 2020, 20:23:39) [MSC v.1916 64 bit (AMD64)], pyOpenSSL 19.1.0 (OpenSSL 1.1.1d  10 Sep 2019), cryptography 2.8, Platform Windows-10-10.0.17763-SP0
2020-06-04 14:00:09 [scrapy.crawler] INFO: Overridden settings:
{'BOT_NAME': 'sobooks',
 'LOG_FILE': 'test',
 'LOG_LEVEL': 'INFO',
 'NEWSPIDER_MODULE': 'sobooks.spiders',
 'SPIDER_MODULES': ['sobooks.spiders']}
2020-06-04 14:00:09 [scrapy.extensions.telnet] INFO: Telnet Password: c485979ffc7074be
2020-06-04 14:00:09 [scrapy.middleware] INFO: Enabled extensions:
['scrapy.extensions.corestats.CoreStats',
 'scrapy.extensions.telnet.TelnetConsole',
 'scrapy.extensions.logstats.LogStats']
2020-06-04 14:00:10 [scrapy.middleware] INFO: Enabled downloader middlewares:
['scrapy.downloadermiddlewares.httpauth.HttpAuthMiddleware',
 'scrapy.downloadermiddlewares.downloadtimeout.DownloadTimeoutMiddleware',
 'scrapy.downloadermiddlewares.defaultheaders.DefaultHeadersMiddleware',
 'scrapy.downloadermiddlewares.useragent.UserAgentMiddleware',
 'scrapy.downloadermiddlewares.retry.RetryMiddleware',
 'scrapy.downloadermiddlewares.redirect.MetaRefreshMiddleware',
 'scrapy.downloadermiddlewares.httpcompression.HttpCompressionMiddleware',
 'scrapy.downloadermiddlewares.redirect.RedirectMiddleware',
 'scrapy.downloadermiddlewares.cookies.CookiesMiddleware',
 'scrapy.downloadermiddlewares.httpproxy.HttpProxyMiddleware',
 'scrapy.downloadermiddlewares.stats.DownloaderStats']
2020-06-04 14:00:10 [scrapy.middleware] INFO: Enabled spider middlewares:
['scrapy.spidermiddlewares.httperror.HttpErrorMiddleware',
 'scrapy.spidermiddlewares.offsite.OffsiteMiddleware',
 'scrapy.spidermiddlewares.referer.RefererMiddleware',
 'scrapy.spidermiddlewares.urllength.UrlLengthMiddleware',
 'scrapy.spidermiddlewares.depth.DepthMiddleware']
2020-06-04 14:00:10 [scrapy.middleware] INFO: Enabled item pipelines:
['sobooks.pipelines.MysqlPipline']
2020-06-04 14:00:10 [scrapy.core.engine] INFO: Spider opened
2020-06-04 14:00:10 [sobook] INFO: sobook connect mysql:{'host': '127.0.0.1', 'port': 3306, 'user': 'root', 'db': 'sobooks', 'passwd': ''}
2020-06-04 14:00:11 [scrapy.core.engine] INFO: Closing spider (shutdown)
2020-06-04 14:00:11 [scrapy.utils.signal] ERROR: Error caught on signal handler: <bound method CoreStats.spider_closed of <scrapy.extensions.corestats.CoreStats object at 0x0000025C14A380C8>>
Traceback (most recent call last):
  File "f:\programdata\anaconda3\lib\site-packages\pymysql\connections.py", line 583, in connect
    **kwargs)
  File "f:\programdata\anaconda3\lib\socket.py", line 728, in create_connection
    raise err
  File "f:\programdata\anaconda3\lib\socket.py", line 716, in create_connection
    sock.connect(sa)
ConnectionRefusedError: [WinError 10061] 由于目标计算机积极拒绝，无法连接。

During handling of the above exception, another exception occurred:

Traceback (most recent call last):
  File "f:\programdata\anaconda3\lib\site-packages\scrapy\crawler.py", line 91, in crawl
    yield self.engine.open_spider(self.spider, start_requests)
pymysql.err.OperationalError: (2003, "Can't connect to MySQL server on '127.0.0.1' ([WinError 10061] 由于目标计算机积极拒绝，无法连接。)")

During handling of the above exception, another exception occurred:

Traceback (most recent call last):
  File "f:\programdata\anaconda3\lib\site-packages\scrapy\utils\defer.py", line 161, in maybeDeferred_coro
    result = f(*args, **kw)
  File "f:\programdata\anaconda3\lib\site-packages\pydispatch\robustapply.py", line 55, in robustApply
    return receiver(*arguments, **named)
  File "f:\programdata\anaconda3\lib\site-packages\scrapy\extensions\corestats.py", line 31, in spider_closed
    elapsed_time = finish_time - self.start_time
TypeError: unsupported operand type(s) for -: 'datetime.datetime' and 'NoneType'
2020-06-04 14:00:11 [scrapy.statscollectors] INFO: Dumping Scrapy stats:
{'log_count/ERROR': 1, 'log_count/INFO': 9}
2020-06-04 14:00:11 [scrapy.core.engine] INFO: Spider closed (shutdown)
2020-06-04 14:00:11 [twisted] CRITICAL: Unhandled error in Deferred:
2020-06-04 14:00:11 [twisted] CRITICAL: 
Traceback (most recent call last):
  File "f:\programdata\anaconda3\lib\site-packages\pymysql\connections.py", line 583, in connect
    **kwargs)
  File "f:\programdata\anaconda3\lib\socket.py", line 728, in create_connection
    raise err
  File "f:\programdata\anaconda3\lib\socket.py", line 716, in create_connection
    sock.connect(sa)
ConnectionRefusedError: [WinError 10061] 由于目标计算机积极拒绝，无法连接。

During handling of the above exception, another exception occurred:

Traceback (most recent call last):
  File "f:\programdata\anaconda3\lib\site-packages\twisted\internet\defer.py", line 1418, in _inlineCallbacks
    result = g.send(result)
  File "f:\programdata\anaconda3\lib\site-packages\scrapy\crawler.py", line 91, in crawl
    yield self.engine.open_spider(self.spider, start_requests)
pymysql.err.OperationalError: (2003, "Can't connect to MySQL server on '127.0.0.1' ([WinError 10061] 由于目标计算机积极拒绝，无法连接。)")
